<?xml version="1.0" encoding="UTF-8"?>
<testng-results ignored="0" total="1" passed="1" failed="0" skipped="0">
  <reporter-output>
  </reporter-output>
  <suite started-at="2020-11-30T09:43:04Z" name="Default suite" finished-at="2020-11-30T09:43:10Z" duration-ms="5130">
    <groups>
      <group name="title">
        <method signature="gmail.f()[pri:1, instance:selenium.gmail@6293abcc]" name="f" class="selenium.gmail"/>
      </group> <!-- title -->
    </groups>
    <test started-at="2020-11-30T09:43:04Z" name="Default test" finished-at="2020-11-30T09:43:10Z" duration-ms="5130">
      <class name="selenium.gmail">
        <test-method is-config="true" signature="beforeMethod()[pri:0, instance:selenium.gmail@6293abcc]" started-at="2020-11-30T09:43:04Z" name="beforeMethod" finished-at="2020-11-30T09:43:05Z" duration-ms="7" status="PASS">
          <reporter-output>
          </reporter-output>
        </test-method> <!-- beforeMethod -->
        <test-method signature="f()[pri:1, instance:selenium.gmail@6293abcc]" started-at="2020-11-30T09:43:05Z" name="f" finished-at="2020-11-30T09:43:10Z" duration-ms="5052" status="PASS">
          <reporter-output>
          </reporter-output>
        </test-method> <!-- f -->
        <test-method is-config="true" signature="teardown()[pri:0, instance:selenium.gmail@6293abcc]" started-at="2020-11-30T09:43:10Z" name="teardown" finished-at="2020-11-30T09:43:10Z" duration-ms="43" status="PASS">
          <reporter-output>
          </reporter-output>
        </test-method> <!-- teardown -->
      </class> <!-- selenium.gmail -->
    </test> <!-- Default test -->
  </suite> <!-- Default suite -->
</testng-results>
